open source     > level 1, order 1, name '/usr/local/texlive/2019/texmf-dist/tex/context/base/mkiv/cont-yes.mkiv'
system          > 
system          > ConTeXt  ver: 2019.03.21 21:39 MKIV beta  fmt: 2019.6.4  int: english/english
system          > 
system          > 'cont-new.mkiv' loaded
open source     > level 2, order 2, name '/usr/local/texlive/2019/texmf-dist/tex/context/base/mkiv/cont-new.mkiv'
system          > beware: some patches loaded from cont-new.mkiv
close source    > level 2, order 2, name '/usr/local/texlive/2019/texmf-dist/tex/context/base/mkiv/cont-new.mkiv'
system          > files > jobname 'example-context-ffi', input './example-context-ffi', result 'example-context-ffi'
fonts           > latin modern fonts are not preloaded
languages       > language 'en' is active
open source     > level 2, order 3, name '/Users/admin/Desktop/luatex-harfbuzz/luatex-harfbuzz/example-context-ffi.tex'
open source     > level 3, order 4, name 'context-harfbuzz.tex'
close source    > level 3, order 4, name 'context-harfbuzz.tex'
fonts           > preloading latin modern fonts (second stage)
fonts           > 'fallback modern-designsize rm 12pt' is loaded
open source     > level 3, order 5, name 'example-text.tex'
fonts           > defining > font 'texgyretermes-regular', feature 'locl', script 'latn', no language 'dflt'
fonts           > defining > font 'amiri-regular', feature 'locl', script 'latn', no language 'dflt'
otf             > devanagari > adding devanagari features to font
backend         > xmp > using file '/usr/local/texlive/2019/texmf-dist/tex/context/base/mkiv/lpdf-pdx.xml'
pages           > flushing realpage 1, userpage 1, subpage 1
pages           > flushing realpage 2, userpage 2, subpage 2
close source    > level 3, order 5, name 'example-text.tex'
pages           > flushing realpage 3, userpage 3, subpage 3
close source    > level 2, order 5, name '/Users/admin/Desktop/luatex-harfbuzz/luatex-harfbuzz/example-context-ffi.tex'
close source    > level 1, order 5, name '/usr/local/texlive/2019/texmf-dist/tex/context/base/mkiv/cont-yes.mkiv'

system          > start used files

system          > text: example-context-ffi

system          > stop used files


system          > start used files

system          >    1: filename=char-prv.lua filetype=tex format=tex foundname=/usr/local/texlive/2019/texmf-dist/tex/context/base/mkiv/char-prv.lua fullname=/usr/local/texlive/2019/texmf-dist/tex/context/base/mkiv/char-prv.lua usedmethod=database
system          >    2: filename=cont-yes.mkiv filetype=tex foundname=/usr/local/texlive/2019/texmf-dist/tex/context/base/mkiv/cont-yes.mkiv fullname=/usr/local/texlive/2019/texmf-dist/tex/context/base/mkiv/cont-yes.mkiv usedmethod=database
system          >    3: filename=publ-imp-default.lua filetype=lua foundname=/usr/local/texlive/2019/texmf-dist/tex/context/base/mkiv/publ-imp-default.lua fullname=/usr/local/texlive/2019/texmf-dist/tex/context/base/mkiv/publ-imp-default.lua usedmethod=database
system          >    4: filename=cont-new.mkiv filetype=tex foundname=/usr/local/texlive/2019/texmf-dist/tex/context/base/mkiv/cont-new.mkiv fullname=/usr/local/texlive/2019/texmf-dist/tex/context/base/mkiv/cont-new.mkiv usedmethod=database
system          >    5: filename=lang-exc.lua filetype=lua foundname=/usr/local/texlive/2019/texmf-dist/tex/context/base/mkiv/lang-exc.lua fullname=/usr/local/texlive/2019/texmf-dist/tex/context/base/mkiv/lang-exc.lua usedmethod=database
system          >    6: filename=lang-us.lua filetype=lua foundname=/usr/local/texlive/2019/texmf-dist/tex/context/patterns/mkiv/lang-us.lua fullname=/usr/local/texlive/2019/texmf-dist/tex/context/patterns/mkiv/lang-us.lua usedmethod=database
system          >    7: filename=/Users/admin/Desktop/luatex-harfbuzz/luatex-harfbuzz/example-context-ffi foundname=/Users/admin/Desktop/luatex-harfbuzz/luatex-harfbuzz/example-context-ffi.tex fullname=/Users/admin/Desktop/luatex-harfbuzz/luatex-harfbuzz/example-context-ffi.tex usedmethod=qualified
system          >    8: filename=context-harfbuzz filetype=tex foundname=context-harfbuzz.tex fullname=/Users/admin/Desktop/luatex-harfbuzz/luatex-harfbuzz/context-harfbuzz.tex usedmethod=filesystem
system          >    9: filename=harfbuzz-ffi.lua format=tex foundname=harfbuzz-ffi.lua fullname=/Users/admin/Desktop/luatex-harfbuzz/luatex-harfbuzz/harfbuzz-ffi.lua usedmethod=direct
system          >   10: filename=font-hb.lua format=tex foundname=font-hb.lua fullname=/Users/admin/Desktop/luatex-harfbuzz/luatex-harfbuzz/font-hb.lua usedmethod=direct
system          >   11: filename=lm.lfg filetype=tex foundname=/usr/local/texlive/2019/texmf-dist/tex/context/fonts/mkiv/lm.lfg fullname=/usr/local/texlive/2019/texmf-dist/tex/context/fonts/mkiv/lm.lfg usedmethod=database
system          >   12: filename=lmroman12-regular filetype=otf format=otf foundname=/usr/local/texlive/2019/texmf-dist/fonts/opentype/public/lm/lmroman12-regular.otf fullname=/usr/local/texlive/2019/texmf-dist/fonts/opentype/public/lm/lmroman12-regular.otf usedmethod=database
system          >   13: filename=latinmodern-math.otf filetype=opentypefonts foundname=/usr/local/texlive/2019/texmf-dist/fonts/opentype/public/lm-math/latinmodern-math.otf fullname=/usr/local/texlive/2019/texmf-dist/fonts/opentype/public/lm-math/latinmodern-math.otf usedmethod=database
system          >   14: filename=example-text filetype=tex foundname=example-text.tex fullname=/Users/admin/Desktop/luatex-harfbuzz/luatex-harfbuzz/example-text.tex usedmethod=filesystem
system          >   15: filename=GentiumPlus-R.ttf format=ttf foundname=GentiumPlus-R.ttf fullname=/Users/admin/Desktop/luatex-harfbuzz/luatex-harfbuzz/GentiumPlus-R.ttf usedmethod=direct
system          >   16: filename=texgyretermes-regular.otf format=otf foundname=texgyretermes-regular.otf fullname=/Users/admin/Desktop/luatex-harfbuzz/luatex-harfbuzz/texgyretermes-regular.otf usedmethod=direct
system          >   17: filename=amiri-regular.ttf format=ttf foundname=amiri-regular.ttf fullname=/Users/admin/Desktop/luatex-harfbuzz/luatex-harfbuzz/amiri-regular.ttf usedmethod=direct
system          >   18: filename=SyrCOMBatnan.otf format=otf foundname=SyrCOMBatnan.otf fullname=/Users/admin/Desktop/luatex-harfbuzz/luatex-harfbuzz/SyrCOMBatnan.otf usedmethod=direct
system          >   19: filename=chandas.ttf format=ttf foundname=chandas.ttf fullname=/Users/admin/Desktop/luatex-harfbuzz/luatex-harfbuzz/chandas.ttf usedmethod=direct
system          >   20: filename=pdftex.map filetype=map format=map foundname=/usr/local/texlive/2019/texmf-var/fonts/map/pdftex/updmap/pdftex.map fullname=/usr/local/texlive/2019/texmf-var/fonts/map/pdftex/updmap/pdftex.map usedmethod=database
system          >   21: filename=lpdf-pdx.xml filetype=tex foundname=/usr/local/texlive/2019/texmf-dist/tex/context/base/mkiv/lpdf-pdx.xml fullname=/usr/local/texlive/2019/texmf-dist/tex/context/base/mkiv/lpdf-pdx.xml usedmethod=database

system          > stop used files


system          > start commandline options

system          > currentrun="1"
system          > engine="luajittex"
system          > fulljobname="./example-context-ffi"
system          > input="./example-context-ffi"
system          > kindofrun="1"
system          > maxnofruns="9"
system          > texmfbinpath="/usr/local/texlive/2019/bin/x86_64-darwin"

system          > stop commandline options


system          > start commandline files

system          >    1: ./example-context-ffi

system          > stop commandline files


modules         > start used modules


modules         > stop used modules


mkiv lua stats  > used config file: selfautoparent:/texmfcnf.lua;selfautoparent:/texmf-dist/web2c/texmfcnf.lua
mkiv lua stats  > used cache path: readable+writable: '/Users/admin/Library/texlive/2019/texmf-var/luatex-cache/context/a86c089b384a3076dc514ba966a1fac9'
mkiv lua stats  > resource resolver: loadtime 0.184 seconds, 0 scans with scantime 0.000 seconds, 0 shared scans, 21 found files, scanned paths: <none>
mkiv lua stats  > stored bytecode data: 443 modules (0.378 sec), 93 tables (0.010 sec), 536 chunks (0.388 sec)
mkiv lua stats  > traced context: maxstack: 1369, freed: 0, unreachable: 1369
mkiv lua stats  > cleaned up reserved nodes: 53 nodes, 9 lists of 440
mkiv lua stats  > node memory usage: 1 glue, 4 kern, 2 penalty, 14 attribute, 50 glue_spec, 5 attribute_list, 2 temp, 2 user_defined
mkiv lua stats  > node list callback tasks: 8 unique task lists, 7 instances (re)created, 342 calls
mkiv lua stats  > h-node processing time: 0.062 seconds including kernel
mkiv lua stats  > driver time: 0.063 seconds 
mkiv lua stats  > used backend: pdf (backend for directly generating pdf output)
mkiv lua stats  > jobdata time: 0.001 seconds saving, 0.000 seconds loading
mkiv lua stats  > callbacks: internal: 712, file: 283, direct: 3, late: 0, function 534, total: 1532 (766 per page)
mkiv lua stats  > randomizer: resumed with value 0.14778211323712
mkiv lua stats  > result saved in file: example-context-ffi.pdf, compresslevel 3, objectcompresslevel 1
mkiv lua stats  > loaded patterns: en::1, load time: 0.000
mkiv lua stats  > loaded fonts: 7 files: latinmodern-math.otf, lmroman12-regular.otf, amiri-regular.ttf, chandas.ttf, gentiumplus-r.ttf, syrcombatnan.otf, texgyretermes-regular.otf
mkiv lua stats  > font engine: otf 3.107, afm 1.513, tfm 1.000, 20 instances, 11 shared in backend, 11 common vectors, 0 common hashes, load time 0.448 seconds 
mkiv lua stats  > used platform: osx-64, type: unix, binary subtree: bin
mkiv lua stats  > used engine: luajittex version 1.1 with functionality level 7127, banner: this is luajittex, version 1.10.0 (tex live 2019)
mkiv lua stats  > control sequences: 45244 of 65536 + 100000
mkiv lua stats  > lua properties: engine: luajit 5.2, used memory: 100 MB (ctx: 0 MB), hash chars: min(64,40), symbol mask: utf (τεχ)
mkiv lua stats  > runtime: 1.179 seconds, 3 processed pages, 3 shipped pages, 2.545 pages/second

