This is LuajitTeX, Version 1.10.0 (TeX Live 2019)  (format=luajittex 2019.6.4)  5 JUN 2019 14:07
 system commands enabled.
**example-luatex-ffi
(./example-luatex-ffi.tex
(/usr/local/texlive/2019/texmf-dist/tex/generic/context/luatex/luatex-basics.te
x
\lastallocatedattribute=\count27
\lastallocatedluafunction=\count28
)
(/usr/local/texlive/2019/texmf-dist/tex/generic/context/luatex/luatex-fonts.tex
system : loading '/usr/local/texlive/2019/texmf-dist/tex/generic/context/luatex/
luatex-fonts-merged.lua'
system : using write cache '/Users/admin/Library/texlive/2019/texmf-var/luatex-c
ache/generic'
system : using read cache '/usr/local/texlive/2019/texmf-var/luatex-cache/generi
c /Users/admin/Library/texlive/2019/texmf-var/luatex-cache/generic'
!
! Attribute 0 is reserved for ConTeXt's font feature management and has to be
! set to zero. Also, some attributes in the range 1-255 are used for special
! purposes so setting them at the TeX end might break the font handler.
!
!
! I am using the merged version of 'luatex-fonts.lua' here. If
! you run into problems or experience unexpected behaviour, and
! if you have ConTeXt installed you can try to delete the file
! 'luatex-font-merged.lua' as I might then use the possibly
! updated libraries. The merged version is not supported as it
! is a frozen instance. Problems can be reported to the ConTeXt
! mailing list.
!
system : luatex-fonts.lua loaded in 0.032 seconds) (./luatex-harfbuzz.tex)
(./example-text.tex
system : loading luc file '/Users/admin/Library/texlive/2019/texmf-var/luatex-ca
che/generic/fonts/otl/gentiumplus-r.lub'
system : loading luc file '/Users/admin/Library/texlive/2019/texmf-var/luatex-ca
che/generic/fonts/otl/texgyretermes-regular.lub'
system : loading luc file '/Users/admin/Library/texlive/2019/texmf-var/luatex-ca
che/generic/fonts/otl/amiri-regular.lub'
fonts : loading './amiri-regular.ttf', hash 'amiri-regular'
fonts : loading (extended) adobe glyph list
fonts : loading done
fonts : saving './amiri-regular.ttf' in cache
system : saving lua file '/Users/admin/Library/texlive/2019/texmf-var/luatex-cac
he/generic/fonts/otl/amiri-regular.lua'
system : saving luc file '/Users/admin/Library/texlive/2019/texmf-var/luatex-cac
he/generic/fonts/otl/amiri-regular.lub'
system : loading luc file '/Users/admin/Library/texlive/2019/texmf-var/luatex-ca
che/generic/fonts/otl/syrcombatnan.lub'
system : loading luc file '/Users/admin/Library/texlive/2019/texmf-var/luatex-ca
che/generic/fonts/otl/chandas.lub'
otf : adding devanagari features to font [1{/usr/local/texlive/2019/texmf-var/fo
nts/map/pdftex/updmap/pdftex.map}] [2]) [3])<./GentiumPlus-R.ttf><./texgyreterme
s-regular.otf><./chandas.ttf><./SyrCOMBatnan.otf><./amiri-regular.ttf><./Gentium
Plus-R.ttf></usr/local/texlive/2019/texmf-dist/fonts/type1/public/amsfonts/cm/cm
r10.pfb>
Output written on example-luatex-ffi.pdf (3 pages, 146750 bytes).

PDF statistics: 60 PDF objects out of 1000 (max. 8388607)
 35 compressed objects within 1 object stream
 0 named destinations out of 1000 (max. 131072)
 1 words of extra memory for PDF output out of 10000 (max. 100000000)

